{"/Users/freen/Documents/Learn/cs/webdev/react/Projects/rsreact/src/App.tsx": {"path":"/Users/freen/Documents/Learn/cs/webdev/react/Projects/rsreact/src/App.tsx","all":false,"statementMap":{"0":{"start":{"line":1,"column":0},"end":{"line":1,"column":48}},"2":{"start":{"line":3,"column":0},"end":{"line":3,"column":18}},"3":{"start":{"line":4,"column":0},"end":{"line":4,"column":57}},"4":{"start":{"line":5,"column":0},"end":{"line":5,"column":60}},"5":{"start":{"line":6,"column":0},"end":{"line":6,"column":61}},"7":{"start":{"line":8,"column":0},"end":{"line":8,"column":23}},"8":{"start":{"line":9,"column":0},"end":{"line":9,"column":10}},"9":{"start":{"line":10,"column":0},"end":{"line":10,"column":31}},"10":{"start":{"line":11,"column":0},"end":{"line":11,"column":14}},"11":{"start":{"line":12,"column":0},"end":{"line":12,"column":50}},"12":{"start":{"line":13,"column":0},"end":{"line":13,"column":83}},"13":{"start":{"line":14,"column":0},"end":{"line":14,"column":16}},"14":{"start":{"line":15,"column":0},"end":{"line":15,"column":53}},"15":{"start":{"line":16,"column":0},"end":{"line":16,"column":15}},"16":{"start":{"line":17,"column":0},"end":{"line":17,"column":10}},"18":{"start":{"line":19,"column":0},"end":{"line":19,"column":1}},"20":{"start":{"line":21,"column":0},"end":{"line":21,"column":18}}},"s":{"0":1,"2":1,"3":1,"4":1,"5":1,"7":1,"8":1,"9":1,"10":1,"11":1,"12":1,"13":1,"14":1,"15":1,"16":1,"18":1,"20":1},"branchMap":{"0":{"type":"branch","line":8,"loc":{"start":{"line":8,"column":7},"end":{"line":19,"column":1}},"locations":[{"start":{"line":8,"column":7},"end":{"line":19,"column":1}}]}},"b":{"0":[1]},"fnMap":{"0":{"name":"App","decl":{"start":{"line":8,"column":7},"end":{"line":19,"column":1}},"loc":{"start":{"line":8,"column":7},"end":{"line":19,"column":1}},"line":8}},"f":{"0":1}}
,"/Users/freen/Documents/Learn/cs/webdev/react/Projects/rsreact/src/main.tsx": {"path":"/Users/freen/Documents/Learn/cs/webdev/react/Projects/rsreact/src/main.tsx","all":true,"statementMap":{"0":{"start":{"line":1,"column":0},"end":{"line":1,"column":25}},"1":{"start":{"line":2,"column":0},"end":{"line":2,"column":48}},"3":{"start":{"line":4,"column":0},"end":{"line":4,"column":39}},"5":{"start":{"line":6,"column":0},"end":{"line":6,"column":27}},"6":{"start":{"line":7,"column":0},"end":{"line":7,"column":20}},"8":{"start":{"line":9,"column":0},"end":{"line":9,"column":61}},"9":{"start":{"line":10,"column":0},"end":{"line":10,"column":20}},"10":{"start":{"line":11,"column":0},"end":{"line":11,"column":19}},"11":{"start":{"line":12,"column":0},"end":{"line":12,"column":13}},"12":{"start":{"line":13,"column":0},"end":{"line":13,"column":20}},"13":{"start":{"line":14,"column":0},"end":{"line":14,"column":22}},"14":{"start":{"line":15,"column":0},"end":{"line":15,"column":1}}},"s":{"0":0,"1":0,"3":0,"5":0,"6":0,"8":0,"9":0,"10":0,"11":0,"12":0,"13":0,"14":0},"branchMap":{"0":{"type":"branch","line":1,"loc":{"start":{"line":1,"column":329},"end":{"line":15,"column":1}},"locations":[{"start":{"line":1,"column":329},"end":{"line":15,"column":1}}]}},"b":{"0":[0]},"fnMap":{"0":{"name":"(empty-report)","decl":{"start":{"line":1,"column":329},"end":{"line":15,"column":1}},"loc":{"start":{"line":1,"column":329},"end":{"line":15,"column":1}},"line":1}},"f":{"0":0}}
,"/Users/freen/Documents/Learn/cs/webdev/react/Projects/rsreact/src/components/Card/Card.tsx": {"path":"/Users/freen/Documents/Learn/cs/webdev/react/Projects/rsreact/src/components/Card/Card.tsx","all":false,"statementMap":{"0":{"start":{"line":1,"column":0},"end":{"line":1,"column":64}},"1":{"start":{"line":2,"column":0},"end":{"line":2,"column":19}},"8":{"start":{"line":9,"column":0},"end":{"line":9,"column":40}},"9":{"start":{"line":10,"column":0},"end":{"line":10,"column":10}},"10":{"start":{"line":11,"column":0},"end":{"line":11,"column":8}},"11":{"start":{"line":12,"column":0},"end":{"line":12,"column":22}},"12":{"start":{"line":13,"column":0},"end":{"line":13,"column":41}},"13":{"start":{"line":14,"column":0},"end":{"line":14,"column":42}},"14":{"start":{"line":15,"column":0},"end":{"line":15,"column":27}},"15":{"start":{"line":16,"column":0},"end":{"line":16,"column":74}},"16":{"start":{"line":17,"column":0},"end":{"line":17,"column":8}},"18":{"start":{"line":19,"column":0},"end":{"line":19,"column":36}},"19":{"start":{"line":20,"column":0},"end":{"line":20,"column":43}},"20":{"start":{"line":21,"column":0},"end":{"line":21,"column":40}},"21":{"start":{"line":22,"column":0},"end":{"line":22,"column":10}},"23":{"start":{"line":24,"column":0},"end":{"line":24,"column":1}}},"s":{"0":1,"1":1,"8":1,"9":0,"10":0,"11":0,"12":0,"13":0,"14":0,"15":0,"16":0,"18":0,"19":0,"20":0,"21":0,"23":0},"branchMap":{},"b":{},"fnMap":{"0":{"name":"Card","decl":{"start":{"line":9,"column":7},"end":{"line":24,"column":1}},"loc":{"start":{"line":9,"column":7},"end":{"line":24,"column":1}},"line":9}},"f":{"0":0}}
,"/Users/freen/Documents/Learn/cs/webdev/react/Projects/rsreact/src/components/ErrorBoundary/ErrorBoundary.tsx": {"path":"/Users/freen/Documents/Learn/cs/webdev/react/Projects/rsreact/src/components/ErrorBoundary/ErrorBoundary.tsx","all":false,"statementMap":{"0":{"start":{"line":1,"column":0},"end":{"line":1,"column":25}},"2":{"start":{"line":3,"column":0},"end":{"line":3,"column":44}},"4":{"start":{"line":5,"column":0},"end":{"line":5,"column":83}},"5":{"start":{"line":6,"column":0},"end":{"line":6,"column":29}},"7":{"start":{"line":8,"column":0},"end":{"line":8,"column":30}},"8":{"start":{"line":9,"column":0},"end":{"line":9,"column":38}},"9":{"start":{"line":10,"column":0},"end":{"line":10,"column":3}},"11":{"start":{"line":12,"column":0},"end":{"line":12,"column":69}},"14":{"start":{"line":15,"column":0},"end":{"line":15,"column":27}},"15":{"start":{"line":16,"column":0},"end":{"line":16,"column":38}},"17":{"start":{"line":18,"column":0},"end":{"line":18,"column":3}},"19":{"start":{"line":20,"column":0},"end":{"line":20,"column":12}},"20":{"start":{"line":21,"column":0},"end":{"line":21,"column":30}},"21":{"start":{"line":22,"column":0},"end":{"line":22,"column":14}},"22":{"start":{"line":23,"column":0},"end":{"line":23,"column":13}},"23":{"start":{"line":24,"column":0},"end":{"line":24,"column":40}},"24":{"start":{"line":25,"column":0},"end":{"line":25,"column":66}},"25":{"start":{"line":26,"column":0},"end":{"line":26,"column":14}},"27":{"start":{"line":28,"column":0},"end":{"line":28,"column":5}},"29":{"start":{"line":30,"column":0},"end":{"line":30,"column":30}},"30":{"start":{"line":31,"column":0},"end":{"line":31,"column":3}},"32":{"start":{"line":33,"column":0},"end":{"line":33,"column":49}},"33":{"start":{"line":34,"column":0},"end":{"line":34,"column":27}},"34":{"start":{"line":35,"column":0},"end":{"line":35,"column":29}},"35":{"start":{"line":36,"column":0},"end":{"line":36,"column":3}},"36":{"start":{"line":37,"column":0},"end":{"line":37,"column":1}}},"s":{"0":1,"2":1,"4":1,"5":1,"7":1,"8":0,"9":0,"11":1,"14":0,"15":0,"17":0,"19":1,"20":3,"21":0,"22":0,"23":0,"24":0,"25":0,"27":0,"29":3,"30":3,"32":1,"33":0,"34":0,"35":0,"36":1},"branchMap":{"0":{"type":"branch","line":5,"loc":{"start":{"line":5,"column":7},"end":{"line":10,"column":3}},"locations":[{"start":{"line":5,"column":7},"end":{"line":10,"column":3}}]},"1":{"type":"branch","line":20,"loc":{"start":{"line":20,"column":2},"end":{"line":31,"column":3}},"locations":[{"start":{"line":20,"column":2},"end":{"line":31,"column":3}}]},"2":{"type":"branch","line":21,"loc":{"start":{"line":21,"column":29},"end":{"line":28,"column":5}},"locations":[{"start":{"line":21,"column":29},"end":{"line":28,"column":5}}]}},"b":{"0":[1],"1":[3],"2":[0]},"fnMap":{"0":{"name":"ErrorBoundary","decl":{"start":{"line":5,"column":7},"end":{"line":10,"column":3}},"loc":{"start":{"line":5,"column":7},"end":{"line":10,"column":3}},"line":5},"1":{"name":"ErrorBoundary.resetErrorBoundary","decl":{"start":{"line":8,"column":23},"end":{"line":10,"column":3}},"loc":{"start":{"line":8,"column":23},"end":{"line":10,"column":3}},"line":8},"2":{"name":"componentDidCatch","decl":{"start":{"line":12,"column":2},"end":{"line":18,"column":3}},"loc":{"start":{"line":12,"column":2},"end":{"line":18,"column":3}},"line":12},"3":{"name":"render","decl":{"start":{"line":20,"column":2},"end":{"line":31,"column":3}},"loc":{"start":{"line":20,"column":2},"end":{"line":31,"column":3}},"line":20},"4":{"name":"getDerivedStateFromError","decl":{"start":{"line":33,"column":9},"end":{"line":36,"column":3}},"loc":{"start":{"line":33,"column":9},"end":{"line":36,"column":3}},"line":33}},"f":{"0":1,"1":0,"2":0,"3":3,"4":0}}
,"/Users/freen/Documents/Learn/cs/webdev/react/Projects/rsreact/src/components/ErrorButton/ErrorButton.tsx": {"path":"/Users/freen/Documents/Learn/cs/webdev/react/Projects/rsreact/src/components/ErrorButton/ErrorButton.tsx","all":false,"statementMap":{"0":{"start":{"line":1,"column":0},"end":{"line":1,"column":39}},"2":{"start":{"line":3,"column":0},"end":{"line":3,"column":26}},"7":{"start":{"line":8,"column":0},"end":{"line":8,"column":54}},"8":{"start":{"line":9,"column":0},"end":{"line":9,"column":85}},"10":{"start":{"line":11,"column":0},"end":{"line":11,"column":31}},"11":{"start":{"line":12,"column":0},"end":{"line":12,"column":62}},"12":{"start":{"line":13,"column":0},"end":{"line":13,"column":3}},"14":{"start":{"line":15,"column":0},"end":{"line":15,"column":35}},"15":{"start":{"line":16,"column":0},"end":{"line":16,"column":89}},"16":{"start":{"line":17,"column":0},"end":{"line":17,"column":3}},"17":{"start":{"line":18,"column":0},"end":{"line":18,"column":10}},"18":{"start":{"line":19,"column":0},"end":{"line":19,"column":75}},"19":{"start":{"line":20,"column":0},"end":{"line":20,"column":22}},"20":{"start":{"line":21,"column":0},"end":{"line":21,"column":13}},"22":{"start":{"line":23,"column":0},"end":{"line":23,"column":1}}},"s":{"0":1,"2":1,"7":1,"8":3,"10":3,"11":0,"12":0,"14":3,"15":0,"16":0,"17":3,"18":3,"19":3,"20":3,"22":3},"branchMap":{"0":{"type":"branch","line":8,"loc":{"start":{"line":8,"column":7},"end":{"line":23,"column":1}},"locations":[{"start":{"line":8,"column":7},"end":{"line":23,"column":1}}]},"1":{"type":"branch","line":15,"loc":{"start":{"line":15,"column":34},"end":{"line":17,"column":3}},"locations":[{"start":{"line":15,"column":34},"end":{"line":17,"column":3}}]}},"b":{"0":[3],"1":[0]},"fnMap":{"0":{"name":"ErrorButton","decl":{"start":{"line":8,"column":7},"end":{"line":23,"column":1}},"loc":{"start":{"line":8,"column":7},"end":{"line":23,"column":1}},"line":8},"1":{"name":"onButtonClick","decl":{"start":{"line":11,"column":24},"end":{"line":13,"column":3}},"loc":{"start":{"line":11,"column":24},"end":{"line":13,"column":3}},"line":11}},"f":{"0":3,"1":0}}
,"/Users/freen/Documents/Learn/cs/webdev/react/Projects/rsreact/src/components/Loader/Loader.tsx": {"path":"/Users/freen/Documents/Learn/cs/webdev/react/Projects/rsreact/src/components/Loader/Loader.tsx","all":false,"statementMap":{"0":{"start":{"line":1,"column":0},"end":{"line":1,"column":21}},"2":{"start":{"line":3,"column":0},"end":{"line":3,"column":26}},"3":{"start":{"line":4,"column":0},"end":{"line":4,"column":39}},"4":{"start":{"line":5,"column":0},"end":{"line":5,"column":1}}},"s":{"0":1,"2":1,"3":3,"4":3},"branchMap":{"0":{"type":"branch","line":3,"loc":{"start":{"line":3,"column":7},"end":{"line":5,"column":1}},"locations":[{"start":{"line":3,"column":7},"end":{"line":5,"column":1}}]}},"b":{"0":[3]},"fnMap":{"0":{"name":"Loader","decl":{"start":{"line":3,"column":7},"end":{"line":5,"column":1}},"loc":{"start":{"line":3,"column":7},"end":{"line":5,"column":1}},"line":3}},"f":{"0":3}}
,"/Users/freen/Documents/Learn/cs/webdev/react/Projects/rsreact/src/components/Pagination/Pagination.tsx": {"path":"/Users/freen/Documents/Learn/cs/webdev/react/Projects/rsreact/src/components/Pagination/Pagination.tsx","all":false,"statementMap":{"0":{"start":{"line":1,"column":0},"end":{"line":1,"column":39}},"8":{"start":{"line":9,"column":0},"end":{"line":9,"column":52}},"9":{"start":{"line":10,"column":0},"end":{"line":10,"column":67}},"11":{"start":{"line":12,"column":0},"end":{"line":12,"column":31}},"12":{"start":{"line":13,"column":0},"end":{"line":13,"column":26}},"13":{"start":{"line":14,"column":0},"end":{"line":14,"column":17}},"14":{"start":{"line":15,"column":0},"end":{"line":15,"column":5}},"15":{"start":{"line":16,"column":0},"end":{"line":16,"column":16}},"16":{"start":{"line":17,"column":0},"end":{"line":17,"column":3}},"17":{"start":{"line":18,"column":0},"end":{"line":18,"column":32}},"18":{"start":{"line":19,"column":0},"end":{"line":19,"column":44}},"19":{"start":{"line":20,"column":0},"end":{"line":20,"column":17}},"20":{"start":{"line":21,"column":0},"end":{"line":21,"column":5}},"21":{"start":{"line":22,"column":0},"end":{"line":22,"column":16}},"22":{"start":{"line":23,"column":0},"end":{"line":23,"column":3}},"24":{"start":{"line":25,"column":0},"end":{"line":25,"column":29}},"25":{"start":{"line":26,"column":0},"end":{"line":26,"column":35}},"26":{"start":{"line":27,"column":0},"end":{"line":27,"column":39}},"27":{"start":{"line":28,"column":0},"end":{"line":28,"column":3}},"29":{"start":{"line":30,"column":0},"end":{"line":30,"column":30}},"30":{"start":{"line":31,"column":0},"end":{"line":31,"column":35}},"31":{"start":{"line":32,"column":0},"end":{"line":32,"column":39}},"32":{"start":{"line":33,"column":0},"end":{"line":33,"column":3}},"34":{"start":{"line":35,"column":0},"end":{"line":35,"column":10}},"35":{"start":{"line":36,"column":0},"end":{"line":36,"column":69}},"36":{"start":{"line":37,"column":0},"end":{"line":37,"column":95}},"37":{"start":{"line":38,"column":0},"end":{"line":38,"column":13}},"38":{"start":{"line":39,"column":0},"end":{"line":39,"column":15}},"39":{"start":{"line":40,"column":0},"end":{"line":40,"column":61}},"40":{"start":{"line":41,"column":0},"end":{"line":41,"column":21}},"41":{"start":{"line":42,"column":0},"end":{"line":42,"column":15}},"42":{"start":{"line":43,"column":0},"end":{"line":43,"column":97}},"43":{"start":{"line":44,"column":0},"end":{"line":44,"column":13}},"44":{"start":{"line":45,"column":0},"end":{"line":45,"column":15}},"45":{"start":{"line":46,"column":0},"end":{"line":46,"column":10}},"47":{"start":{"line":48,"column":0},"end":{"line":48,"column":1}}},"s":{"0":1,"8":1,"9":3,"11":3,"12":3,"13":0,"14":0,"15":3,"16":3,"17":3,"18":3,"19":0,"20":0,"21":3,"22":3,"24":3,"25":0,"26":0,"27":0,"29":3,"30":0,"31":0,"32":0,"34":3,"35":3,"36":3,"37":3,"38":3,"39":3,"40":3,"41":3,"42":3,"43":3,"44":3,"45":3,"47":3},"branchMap":{"0":{"type":"branch","line":9,"loc":{"start":{"line":9,"column":7},"end":{"line":48,"column":1}},"locations":[{"start":{"line":9,"column":7},"end":{"line":48,"column":1}}]},"1":{"type":"branch","line":12,"loc":{"start":{"line":12,"column":24},"end":{"line":17,"column":3}},"locations":[{"start":{"line":12,"column":24},"end":{"line":17,"column":3}}]},"2":{"type":"branch","line":13,"loc":{"start":{"line":13,"column":25},"end":{"line":15,"column":5}},"locations":[{"start":{"line":13,"column":25},"end":{"line":15,"column":5}}]},"3":{"type":"branch","line":18,"loc":{"start":{"line":18,"column":25},"end":{"line":23,"column":3}},"locations":[{"start":{"line":18,"column":25},"end":{"line":23,"column":3}}]},"4":{"type":"branch","line":19,"loc":{"start":{"line":19,"column":43},"end":{"line":21,"column":5}},"locations":[{"start":{"line":19,"column":43},"end":{"line":21,"column":5}}]}},"b":{"0":[3],"1":[3],"2":[0],"3":[3],"4":[0]},"fnMap":{"0":{"name":"Pagination","decl":{"start":{"line":9,"column":7},"end":{"line":48,"column":1}},"loc":{"start":{"line":9,"column":7},"end":{"line":48,"column":1}},"line":9},"1":{"name":"leftPageExist","decl":{"start":{"line":12,"column":24},"end":{"line":17,"column":3}},"loc":{"start":{"line":12,"column":24},"end":{"line":17,"column":3}},"line":12},"2":{"name":"rightPageExist","decl":{"start":{"line":18,"column":25},"end":{"line":23,"column":3}},"loc":{"start":{"line":18,"column":25},"end":{"line":23,"column":3}},"line":18},"3":{"name":"leftClicked","decl":{"start":{"line":25,"column":22},"end":{"line":28,"column":3}},"loc":{"start":{"line":25,"column":22},"end":{"line":28,"column":3}},"line":25},"4":{"name":"rightClicked","decl":{"start":{"line":30,"column":23},"end":{"line":33,"column":3}},"loc":{"start":{"line":30,"column":23},"end":{"line":33,"column":3}},"line":30},"5":{"name":"onClick","decl":{"start":{"line":36,"column":41},"end":{"line":36,"column":69}},"loc":{"start":{"line":36,"column":41},"end":{"line":36,"column":69}},"line":36}},"f":{"0":3,"1":3,"2":3,"3":0,"4":0,"5":0}}
,"/Users/freen/Documents/Learn/cs/webdev/react/Projects/rsreact/src/components/Search/Search.tsx": {"path":"/Users/freen/Documents/Learn/cs/webdev/react/Projects/rsreact/src/components/Search/Search.tsx","all":false,"statementMap":{"0":{"start":{"line":1,"column":0},"end":{"line":1,"column":39}},"2":{"start":{"line":3,"column":0},"end":{"line":3,"column":39}},"3":{"start":{"line":4,"column":0},"end":{"line":4,"column":56}},"4":{"start":{"line":5,"column":0},"end":{"line":5,"column":21}},"11":{"start":{"line":12,"column":0},"end":{"line":12,"column":44}},"14":{"start":{"line":15,"column":0},"end":{"line":15,"column":61}},"15":{"start":{"line":16,"column":0},"end":{"line":16,"column":45}},"16":{"start":{"line":17,"column":0},"end":{"line":17,"column":3}},"18":{"start":{"line":19,"column":0},"end":{"line":19,"column":75}},"22":{"start":{"line":23,"column":0},"end":{"line":23,"column":40}},"23":{"start":{"line":24,"column":0},"end":{"line":24,"column":3}},"25":{"start":{"line":26,"column":0},"end":{"line":26,"column":44}},"26":{"start":{"line":27,"column":0},"end":{"line":27,"column":22}},"27":{"start":{"line":28,"column":0},"end":{"line":28,"column":26}},"28":{"start":{"line":29,"column":0},"end":{"line":29,"column":48}},"29":{"start":{"line":30,"column":0},"end":{"line":30,"column":3}},"31":{"start":{"line":32,"column":0},"end":{"line":32,"column":25}},"32":{"start":{"line":33,"column":0},"end":{"line":33,"column":10}},"33":{"start":{"line":34,"column":0},"end":{"line":34,"column":54}},"34":{"start":{"line":35,"column":0},"end":{"line":35,"column":12}},"35":{"start":{"line":36,"column":0},"end":{"line":36,"column":19}},"36":{"start":{"line":37,"column":0},"end":{"line":37,"column":30}},"37":{"start":{"line":38,"column":0},"end":{"line":38,"column":29}},"38":{"start":{"line":39,"column":0},"end":{"line":39,"column":38}},"39":{"start":{"line":40,"column":0},"end":{"line":40,"column":33}},"40":{"start":{"line":41,"column":0},"end":{"line":41,"column":15}},"41":{"start":{"line":42,"column":0},"end":{"line":42,"column":54}},"43":{"start":{"line":44,"column":0},"end":{"line":44,"column":15}},"44":{"start":{"line":45,"column":0},"end":{"line":45,"column":47}},"45":{"start":{"line":46,"column":0},"end":{"line":46,"column":11}},"47":{"start":{"line":48,"column":0},"end":{"line":48,"column":1}}},"s":{"0":1,"2":1,"3":1,"4":1,"11":1,"14":3,"15":3,"16":3,"18":3,"22":0,"23":0,"25":3,"26":0,"27":0,"28":0,"29":0,"31":3,"32":3,"33":3,"34":3,"35":3,"36":3,"37":3,"38":3,"39":3,"40":3,"41":3,"43":3,"44":3,"45":3,"47":3},"branchMap":{"0":{"type":"branch","line":12,"loc":{"start":{"line":12,"column":7},"end":{"line":48,"column":1}},"locations":[{"start":{"line":12,"column":7},"end":{"line":48,"column":1}}]},"1":{"type":"branch","line":16,"loc":{"start":{"line":16,"column":10},"end":{"line":16,"column":42}},"locations":[{"start":{"line":16,"column":10},"end":{"line":16,"column":42}}]}},"b":{"0":[3],"1":[0]},"fnMap":{"0":{"name":"Search","decl":{"start":{"line":12,"column":7},"end":{"line":48,"column":1}},"loc":{"start":{"line":12,"column":7},"end":{"line":48,"column":1}},"line":12},"1":{"name":"onSearchInputChange","decl":{"start":{"line":19,"column":30},"end":{"line":24,"column":3}},"loc":{"start":{"line":19,"column":30},"end":{"line":24,"column":3}},"line":19},"2":{"name":"onSubmit","decl":{"start":{"line":26,"column":19},"end":{"line":30,"column":3}},"loc":{"start":{"line":26,"column":19},"end":{"line":30,"column":3}},"line":26}},"f":{"0":3,"1":0,"2":0}}
,"/Users/freen/Documents/Learn/cs/webdev/react/Projects/rsreact/src/hooks/useSyncSearchTermWithLocalStorage.ts": {"path":"/Users/freen/Documents/Learn/cs/webdev/react/Projects/rsreact/src/hooks/useSyncSearchTermWithLocalStorage.ts","all":false,"statementMap":{"0":{"start":{"line":1,"column":0},"end":{"line":1,"column":51}},"2":{"start":{"line":3,"column":0},"end":{"line":3,"column":36}},"4":{"start":{"line":5,"column":0},"end":{"line":5,"column":44}},"6":{"start":{"line":7,"column":0},"end":{"line":7,"column":56}},"7":{"start":{"line":8,"column":0},"end":{"line":8,"column":62}},"9":{"start":{"line":10,"column":0},"end":{"line":10,"column":78}},"11":{"start":{"line":12,"column":0},"end":{"line":12,"column":51}},"15":{"start":{"line":16,"column":0},"end":{"line":16,"column":19}},"18":{"start":{"line":19,"column":0},"end":{"line":19,"column":47}},"19":{"start":{"line":20,"column":0},"end":{"line":20,"column":91}},"20":{"start":{"line":21,"column":0},"end":{"line":21,"column":50}},"21":{"start":{"line":22,"column":0},"end":{"line":22,"column":12}},"22":{"start":{"line":23,"column":0},"end":{"line":23,"column":5}},"24":{"start":{"line":25,"column":0},"end":{"line":25,"column":66}},"25":{"start":{"line":26,"column":0},"end":{"line":26,"column":56}},"26":{"start":{"line":27,"column":0},"end":{"line":27,"column":18}},"30":{"start":{"line":31,"column":0},"end":{"line":31,"column":19}},"34":{"start":{"line":35,"column":0},"end":{"line":35,"column":64}},"35":{"start":{"line":36,"column":0},"end":{"line":36,"column":60}},"38":{"start":{"line":39,"column":0},"end":{"line":39,"column":18}},"41":{"start":{"line":42,"column":0},"end":{"line":42,"column":31}},"42":{"start":{"line":43,"column":0},"end":{"line":43,"column":5}},"43":{"start":{"line":44,"column":0},"end":{"line":44,"column":8}},"45":{"start":{"line":46,"column":0},"end":{"line":46,"column":38}},"46":{"start":{"line":47,"column":0},"end":{"line":47,"column":1}}},"s":{"0":1,"2":1,"4":1,"6":1,"7":3,"9":3,"11":3,"15":3,"18":1,"19":1,"20":1,"21":1,"22":1,"24":0,"25":0,"26":3,"30":3,"34":1,"35":1,"38":1,"41":1,"42":1,"43":3,"45":3,"46":3},"branchMap":{"0":{"type":"branch","line":7,"loc":{"start":{"line":7,"column":49},"end":{"line":47,"column":1}},"locations":[{"start":{"line":7,"column":49},"end":{"line":47,"column":1}}]},"1":{"type":"branch","line":10,"loc":{"start":{"line":10,"column":47},"end":{"line":10,"column":75}},"locations":[{"start":{"line":10,"column":47},"end":{"line":10,"column":75}}]},"2":{"type":"branch","line":16,"loc":{"start":{"line":16,"column":12},"end":{"line":27,"column":5}},"locations":[{"start":{"line":16,"column":12},"end":{"line":27,"column":5}}]},"3":{"type":"branch","line":23,"loc":{"start":{"line":23,"column":4},"end":{"line":26,"column":56}},"locations":[{"start":{"line":23,"column":4},"end":{"line":26,"column":56}}]},"4":{"type":"branch","line":31,"loc":{"start":{"line":31,"column":12},"end":{"line":44,"column":5}},"locations":[{"start":{"line":31,"column":12},"end":{"line":44,"column":5}}]},"5":{"type":"branch","line":39,"loc":{"start":{"line":39,"column":11},"end":{"line":43,"column":5}},"locations":[{"start":{"line":39,"column":11},"end":{"line":43,"column":5}}]}},"b":{"0":[3],"1":[0],"2":[1],"3":[0],"4":[1],"5":[1]},"fnMap":{"0":{"name":"useSyncSearchTermWithLocalStorage","decl":{"start":{"line":7,"column":49},"end":{"line":47,"column":1}},"loc":{"start":{"line":7,"column":49},"end":{"line":47,"column":1}},"line":7}},"f":{"0":3}}
,"/Users/freen/Documents/Learn/cs/webdev/react/Projects/rsreact/src/pages/GalleryPage/GalleryPage.tsx": {"path":"/Users/freen/Documents/Learn/cs/webdev/react/Projects/rsreact/src/pages/GalleryPage/GalleryPage.tsx","all":false,"statementMap":{"0":{"start":{"line":1,"column":0},"end":{"line":1,"column":43}},"1":{"start":{"line":2,"column":0},"end":{"line":2,"column":84}},"3":{"start":{"line":4,"column":0},"end":{"line":4,"column":49}},"4":{"start":{"line":5,"column":0},"end":{"line":5,"column":76}},"5":{"start":{"line":6,"column":0},"end":{"line":6,"column":55}},"6":{"start":{"line":7,"column":0},"end":{"line":7,"column":67}},"7":{"start":{"line":8,"column":0},"end":{"line":8,"column":55}},"8":{"start":{"line":9,"column":0},"end":{"line":9,"column":97}},"9":{"start":{"line":10,"column":0},"end":{"line":10,"column":51}},"10":{"start":{"line":11,"column":0},"end":{"line":11,"column":49}},"11":{"start":{"line":12,"column":0},"end":{"line":12,"column":26}},"29":{"start":{"line":30,"column":0},"end":{"line":30,"column":39}},"30":{"start":{"line":31,"column":0},"end":{"line":31,"column":77}},"31":{"start":{"line":32,"column":0},"end":{"line":32,"column":57}},"32":{"start":{"line":33,"column":0},"end":{"line":33,"column":51}},"33":{"start":{"line":34,"column":0},"end":{"line":34,"column":75}},"34":{"start":{"line":35,"column":0},"end":{"line":35,"column":51}},"35":{"start":{"line":36,"column":0},"end":{"line":36,"column":32}},"36":{"start":{"line":37,"column":0},"end":{"line":37,"column":32}},"37":{"start":{"line":38,"column":0},"end":{"line":38,"column":59}},"39":{"start":{"line":40,"column":0},"end":{"line":40,"column":19}},"40":{"start":{"line":41,"column":0},"end":{"line":41,"column":75}},"41":{"start":{"line":42,"column":0},"end":{"line":42,"column":24}},"42":{"start":{"line":43,"column":0},"end":{"line":43,"column":58}},"43":{"start":{"line":44,"column":0},"end":{"line":44,"column":11}},"44":{"start":{"line":45,"column":0},"end":{"line":45,"column":62}},"45":{"start":{"line":46,"column":0},"end":{"line":46,"column":20}},"46":{"start":{"line":47,"column":0},"end":{"line":47,"column":59}},"47":{"start":{"line":48,"column":0},"end":{"line":48,"column":56}},"48":{"start":{"line":49,"column":0},"end":{"line":49,"column":19}},"49":{"start":{"line":50,"column":0},"end":{"line":50,"column":19}},"50":{"start":{"line":51,"column":0},"end":{"line":51,"column":17}},"51":{"start":{"line":52,"column":0},"end":{"line":52,"column":27}},"52":{"start":{"line":53,"column":0},"end":{"line":53,"column":7}},"53":{"start":{"line":54,"column":0},"end":{"line":54,"column":5}},"54":{"start":{"line":55,"column":0},"end":{"line":55,"column":64}},"55":{"start":{"line":56,"column":0},"end":{"line":56,"column":48}},"57":{"start":{"line":58,"column":0},"end":{"line":58,"column":58}},"58":{"start":{"line":59,"column":0},"end":{"line":59,"column":85}},"59":{"start":{"line":60,"column":0},"end":{"line":60,"column":32}},"60":{"start":{"line":61,"column":0},"end":{"line":61,"column":3}},"62":{"start":{"line":63,"column":0},"end":{"line":63,"column":56}},"63":{"start":{"line":64,"column":0},"end":{"line":64,"column":22}},"64":{"start":{"line":65,"column":0},"end":{"line":65,"column":38}},"65":{"start":{"line":66,"column":0},"end":{"line":66,"column":3}},"67":{"start":{"line":68,"column":0},"end":{"line":68,"column":34}},"68":{"start":{"line":69,"column":0},"end":{"line":69,"column":52}},"70":{"start":{"line":71,"column":0},"end":{"line":71,"column":46}},"71":{"start":{"line":72,"column":0},"end":{"line":72,"column":35}},"72":{"start":{"line":73,"column":0},"end":{"line":73,"column":5}},"73":{"start":{"line":74,"column":0},"end":{"line":74,"column":3}},"75":{"start":{"line":76,"column":0},"end":{"line":76,"column":45}},"76":{"start":{"line":77,"column":0},"end":{"line":77,"column":27}},"77":{"start":{"line":78,"column":0},"end":{"line":78,"column":3}},"79":{"start":{"line":80,"column":0},"end":{"line":80,"column":31}},"80":{"start":{"line":81,"column":0},"end":{"line":81,"column":65}},"82":{"start":{"line":83,"column":0},"end":{"line":83,"column":10}},"83":{"start":{"line":84,"column":0},"end":{"line":84,"column":19}},"84":{"start":{"line":85,"column":0},"end":{"line":85,"column":35}},"85":{"start":{"line":86,"column":0},"end":{"line":86,"column":15}},"86":{"start":{"line":87,"column":0},"end":{"line":87,"column":58}},"87":{"start":{"line":88,"column":0},"end":{"line":88,"column":51}},"88":{"start":{"line":89,"column":0},"end":{"line":89,"column":18}},"89":{"start":{"line":90,"column":0},"end":{"line":90,"column":71}},"90":{"start":{"line":91,"column":0},"end":{"line":91,"column":40}},"91":{"start":{"line":92,"column":0},"end":{"line":92,"column":23}},"92":{"start":{"line":93,"column":0},"end":{"line":93,"column":39}},"93":{"start":{"line":94,"column":0},"end":{"line":94,"column":48}},"94":{"start":{"line":95,"column":0},"end":{"line":95,"column":41}},"95":{"start":{"line":96,"column":0},"end":{"line":96,"column":26}},"96":{"start":{"line":97,"column":0},"end":{"line":97,"column":26}},"97":{"start":{"line":98,"column":0},"end":{"line":98,"column":31}},"98":{"start":{"line":99,"column":0},"end":{"line":99,"column":32}},"99":{"start":{"line":100,"column":0},"end":{"line":100,"column":42}},"100":{"start":{"line":101,"column":0},"end":{"line":101,"column":83}},"101":{"start":{"line":102,"column":0},"end":{"line":102,"column":16}},"103":{"start":{"line":104,"column":0},"end":{"line":104,"column":56}},"105":{"start":{"line":106,"column":0},"end":{"line":106,"column":16}},"106":{"start":{"line":107,"column":0},"end":{"line":107,"column":27}},"107":{"start":{"line":108,"column":0},"end":{"line":108,"column":14}},"108":{"start":{"line":109,"column":0},"end":{"line":109,"column":12}},"109":{"start":{"line":110,"column":0},"end":{"line":110,"column":20}},"111":{"start":{"line":112,"column":0},"end":{"line":112,"column":1}}},"s":{"0":1,"1":1,"3":1,"4":1,"5":1,"6":1,"7":1,"8":1,"9":1,"10":1,"11":1,"29":3,"30":3,"31":3,"32":3,"33":3,"34":3,"35":3,"36":3,"37":3,"39":3,"40":2,"41":2,"42":2,"43":2,"44":2,"45":0,"46":0,"47":0,"48":0,"49":0,"50":0,"51":0,"52":0,"53":2,"54":2,"55":3,"57":3,"58":0,"59":0,"60":0,"62":3,"63":0,"64":0,"65":0,"67":3,"68":0,"70":0,"71":0,"72":0,"73":0,"75":3,"76":0,"77":0,"79":3,"80":3,"82":3,"83":3,"84":3,"85":3,"86":3,"87":3,"88":3,"89":3,"90":3,"91":3,"92":3,"93":3,"94":3,"95":3,"96":3,"97":2,"98":1,"99":0,"100":0,"101":0,"103":1,"105":3,"106":3,"107":3,"108":3,"109":3,"111":3},"branchMap":{"0":{"type":"branch","line":30,"loc":{"start":{"line":30,"column":0},"end":{"line":112,"column":1}},"locations":[{"start":{"line":30,"column":0},"end":{"line":112,"column":1}}]},"1":{"type":"branch","line":81,"loc":{"start":{"line":81,"column":2},"end":{"line":81,"column":24}},"locations":[{"start":{"line":81,"column":2},"end":{"line":81,"column":24}}]},"2":{"type":"branch","line":87,"loc":{"start":{"line":87,"column":22},"end":{"line":87,"column":48}},"locations":[{"start":{"line":87,"column":22},"end":{"line":87,"column":48}}]},"3":{"type":"branch","line":97,"loc":{"start":{"line":97,"column":13},"end":{"line":98,"column":31}},"locations":[{"start":{"line":97,"column":13},"end":{"line":98,"column":31}}]},"4":{"type":"branch","line":98,"loc":{"start":{"line":98,"column":22},"end":{"line":104,"column":56}},"locations":[{"start":{"line":98,"column":22},"end":{"line":104,"column":56}}]},"5":{"type":"branch","line":99,"loc":{"start":{"line":99,"column":16},"end":{"line":102,"column":16}},"locations":[{"start":{"line":99,"column":16},"end":{"line":102,"column":16}}]},"6":{"type":"branch","line":40,"loc":{"start":{"line":40,"column":12},"end":{"line":56,"column":5}},"locations":[{"start":{"line":40,"column":12},"end":{"line":56,"column":5}}]},"7":{"type":"branch","line":55,"loc":{"start":{"line":55,"column":22},"end":{"line":55,"column":48}},"locations":[{"start":{"line":55,"column":22},"end":{"line":55,"column":48}}]},"8":{"type":"branch","line":41,"loc":{"start":{"line":41,"column":30},"end":{"line":54,"column":5}},"locations":[{"start":{"line":41,"column":30},"end":{"line":54,"column":5}}]},"9":{"type":"branch","line":45,"loc":{"start":{"line":45,"column":61},"end":{"line":53,"column":7}},"locations":[{"start":{"line":45,"column":61},"end":{"line":53,"column":7}}]}},"b":{"0":[3],"1":[0],"2":[0],"3":[2],"4":[1],"5":[0],"6":[2],"7":[0],"8":[2],"9":[0]},"fnMap":{"0":{"name":"GalleryPage","decl":{"start":{"line":30,"column":0},"end":{"line":112,"column":1}},"loc":{"start":{"line":30,"column":0},"end":{"line":112,"column":1}},"line":30},"1":{"name":"fetchRepositories","decl":{"start":{"line":41,"column":30},"end":{"line":54,"column":5}},"loc":{"start":{"line":41,"column":30},"end":{"line":54,"column":5}},"line":41},"2":{"name":"onSearchButtonClick","decl":{"start":{"line":58,"column":30},"end":{"line":61,"column":3}},"loc":{"start":{"line":58,"column":30},"end":{"line":61,"column":3}},"line":58},"3":{"name":"onCardClick","decl":{"start":{"line":63,"column":22},"end":{"line":66,"column":3}},"loc":{"start":{"line":63,"column":22},"end":{"line":66,"column":3}},"line":63},"4":{"name":"onMainBlockClick","decl":{"start":{"line":68,"column":27},"end":{"line":74,"column":3}},"loc":{"start":{"line":68,"column":27},"end":{"line":74,"column":3}},"line":68},"5":{"name":"onPageChange","decl":{"start":{"line":76,"column":23},"end":{"line":78,"column":3}},"loc":{"start":{"line":76,"column":23},"end":{"line":78,"column":3}},"line":76}},"f":{"0":3,"1":2,"2":0,"3":0,"4":0,"5":0}}
,"/Users/freen/Documents/Learn/cs/webdev/react/Projects/rsreact/src/pages/NotFoundPage/NotFoundPage.tsx": {"path":"/Users/freen/Documents/Learn/cs/webdev/react/Projects/rsreact/src/pages/NotFoundPage/NotFoundPage.tsx","all":false,"statementMap":{"0":{"start":{"line":1,"column":0},"end":{"line":1,"column":39}},"2":{"start":{"line":3,"column":0},"end":{"line":3,"column":27}},"4":{"start":{"line":5,"column":0},"end":{"line":5,"column":28}},"5":{"start":{"line":6,"column":0},"end":{"line":6,"column":10}},"6":{"start":{"line":7,"column":0},"end":{"line":7,"column":36}},"7":{"start":{"line":8,"column":0},"end":{"line":8,"column":33}},"8":{"start":{"line":9,"column":0},"end":{"line":9,"column":48}},"9":{"start":{"line":10,"column":0},"end":{"line":10,"column":57}},"10":{"start":{"line":11,"column":0},"end":{"line":11,"column":70}},"11":{"start":{"line":12,"column":0},"end":{"line":12,"column":16}},"12":{"start":{"line":13,"column":0},"end":{"line":13,"column":67}},"13":{"start":{"line":14,"column":0},"end":{"line":14,"column":56}},"14":{"start":{"line":15,"column":0},"end":{"line":15,"column":97}},"15":{"start":{"line":16,"column":0},"end":{"line":16,"column":62}},"17":{"start":{"line":18,"column":0},"end":{"line":18,"column":16}},"18":{"start":{"line":19,"column":0},"end":{"line":19,"column":66}},"20":{"start":{"line":21,"column":0},"end":{"line":21,"column":19}},"21":{"start":{"line":22,"column":0},"end":{"line":22,"column":16}},"22":{"start":{"line":23,"column":0},"end":{"line":23,"column":14}},"23":{"start":{"line":24,"column":0},"end":{"line":24,"column":12}},"24":{"start":{"line":25,"column":0},"end":{"line":25,"column":10}},"26":{"start":{"line":27,"column":0},"end":{"line":27,"column":1}},"28":{"start":{"line":29,"column":0},"end":{"line":29,"column":27}}},"s":{"0":1,"2":1,"4":1,"5":0,"6":0,"7":0,"8":0,"9":0,"10":0,"11":0,"12":0,"13":0,"14":0,"15":0,"17":0,"18":0,"20":0,"21":0,"22":0,"23":0,"24":0,"26":0,"28":1},"branchMap":{},"b":{},"fnMap":{"0":{"name":"NotFoundPage","decl":{"start":{"line":5,"column":21},"end":{"line":27,"column":1}},"loc":{"start":{"line":5,"column":21},"end":{"line":27,"column":1}},"line":5}},"f":{"0":0}}
,"/Users/freen/Documents/Learn/cs/webdev/react/Projects/rsreact/src/services/api.ts": {"path":"/Users/freen/Documents/Learn/cs/webdev/react/Projects/rsreact/src/services/api.ts","all":false,"statementMap":{"0":{"start":{"line":1,"column":0},"end":{"line":1,"column":39}},"1":{"start":{"line":2,"column":0},"end":{"line":2,"column":42}},"2":{"start":{"line":3,"column":0},"end":{"line":3,"column":42}},"3":{"start":{"line":4,"column":0},"end":{"line":4,"column":25}},"4":{"start":{"line":5,"column":0},"end":{"line":5,"column":57}},"5":{"start":{"line":6,"column":0},"end":{"line":6,"column":27}},"9":{"start":{"line":10,"column":0},"end":{"line":10,"column":78}},"10":{"start":{"line":11,"column":0},"end":{"line":11,"column":15}},"11":{"start":{"line":12,"column":0},"end":{"line":12,"column":131}},"12":{"start":{"line":13,"column":0},"end":{"line":13,"column":39}},"13":{"start":{"line":14,"column":0},"end":{"line":14,"column":1}},"15":{"start":{"line":16,"column":0},"end":{"line":16,"column":66}},"16":{"start":{"line":17,"column":0},"end":{"line":17,"column":96}},"17":{"start":{"line":18,"column":0},"end":{"line":18,"column":1}}},"s":{"0":1,"1":1,"2":1,"3":1,"4":1,"5":1,"9":2,"10":2,"11":2,"12":2,"13":2,"15":1,"16":1,"17":1},"branchMap":{"0":{"type":"branch","line":10,"loc":{"start":{"line":10,"column":0},"end":{"line":14,"column":1}},"locations":[{"start":{"line":10,"column":0},"end":{"line":14,"column":1}}]},"1":{"type":"branch","line":12,"loc":{"start":{"line":12,"column":49},"end":{"line":12,"column":75}},"locations":[{"start":{"line":12,"column":49},"end":{"line":12,"column":75}}]},"2":{"type":"branch","line":16,"loc":{"start":{"line":16,"column":0},"end":{"line":18,"column":1}},"locations":[{"start":{"line":16,"column":0},"end":{"line":18,"column":1}}]},"3":{"type":"branch","line":17,"loc":{"start":{"line":17,"column":66},"end":{"line":17,"column":95}},"locations":[{"start":{"line":17,"column":66},"end":{"line":17,"column":95}}]}},"b":{"0":[2],"1":[0],"2":[1],"3":[1]},"fnMap":{"0":{"name":"getRepositores","decl":{"start":{"line":10,"column":0},"end":{"line":14,"column":1}},"loc":{"start":{"line":10,"column":0},"end":{"line":14,"column":1}},"line":10},"1":{"name":"getRepository","decl":{"start":{"line":16,"column":0},"end":{"line":18,"column":1}},"loc":{"start":{"line":16,"column":0},"end":{"line":18,"column":1}},"line":16}},"f":{"0":2,"1":1}}
,"/Users/freen/Documents/Learn/cs/webdev/react/Projects/rsreact/src/utils/utils.ts": {"path":"/Users/freen/Documents/Learn/cs/webdev/react/Projects/rsreact/src/utils/utils.ts","all":false,"statementMap":{"2":{"start":{"line":3,"column":0},"end":{"line":3,"column":33}},"4":{"start":{"line":5,"column":0},"end":{"line":5,"column":79}},"5":{"start":{"line":6,"column":0},"end":{"line":6,"column":86}}},"s":{"2":1,"4":1,"5":1},"branchMap":{"0":{"type":"branch","line":5,"loc":{"start":{"line":5,"column":21},"end":{"line":5,"column":65}},"locations":[{"start":{"line":5,"column":21},"end":{"line":5,"column":65}}]},"1":{"type":"branch","line":6,"loc":{"start":{"line":6,"column":26},"end":{"line":6,"column":72}},"locations":[{"start":{"line":6,"column":26},"end":{"line":6,"column":72}}]},"2":{"type":"branch","line":5,"loc":{"start":{"line":5,"column":65},"end":{"line":5,"column":79}},"locations":[{"start":{"line":5,"column":65},"end":{"line":5,"column":79}}]}},"b":{"0":[0],"1":[0],"2":[10]},"fnMap":{"0":{"name":"Log","decl":{"start":{"line":5,"column":65},"end":{"line":5,"column":79}},"loc":{"start":{"line":5,"column":65},"end":{"line":5,"column":79}},"line":5},"1":{"name":"LogError","decl":{"start":{"line":6,"column":72},"end":{"line":6,"column":86}},"loc":{"start":{"line":6,"column":72},"end":{"line":6,"column":86}},"line":6}},"f":{"0":10,"1":0}}
,"/Users/freen/Documents/Learn/cs/webdev/react/Projects/rsreact/src/views/CardDetails/CardDetails.tsx": {"path":"/Users/freen/Documents/Learn/cs/webdev/react/Projects/rsreact/src/views/CardDetails/CardDetails.tsx","all":false,"statementMap":{"0":{"start":{"line":1,"column":0},"end":{"line":1,"column":43}},"1":{"start":{"line":2,"column":0},"end":{"line":2,"column":57}},"3":{"start":{"line":4,"column":0},"end":{"line":4,"column":55}},"5":{"start":{"line":6,"column":0},"end":{"line":6,"column":50}},"6":{"start":{"line":7,"column":0},"end":{"line":7,"column":49}},"7":{"start":{"line":8,"column":0},"end":{"line":8,"column":26}},"9":{"start":{"line":10,"column":0},"end":{"line":10,"column":39}},"10":{"start":{"line":11,"column":0},"end":{"line":11,"column":37}},"12":{"start":{"line":13,"column":0},"end":{"line":13,"column":51}},"13":{"start":{"line":14,"column":0},"end":{"line":14,"column":48}},"14":{"start":{"line":15,"column":0},"end":{"line":15,"column":32}},"15":{"start":{"line":16,"column":0},"end":{"line":16,"column":36}},"16":{"start":{"line":17,"column":0},"end":{"line":17,"column":17}},"17":{"start":{"line":18,"column":0},"end":{"line":18,"column":3}},"19":{"start":{"line":20,"column":0},"end":{"line":20,"column":19}},"20":{"start":{"line":21,"column":0},"end":{"line":21,"column":68}},"21":{"start":{"line":22,"column":0},"end":{"line":22,"column":24}},"22":{"start":{"line":23,"column":0},"end":{"line":23,"column":11}},"23":{"start":{"line":24,"column":0},"end":{"line":24,"column":56}},"24":{"start":{"line":25,"column":0},"end":{"line":25,"column":20}},"25":{"start":{"line":26,"column":0},"end":{"line":26,"column":38}},"26":{"start":{"line":27,"column":0},"end":{"line":27,"column":19}},"27":{"start":{"line":28,"column":0},"end":{"line":28,"column":19}},"28":{"start":{"line":29,"column":0},"end":{"line":29,"column":17}},"29":{"start":{"line":30,"column":0},"end":{"line":30,"column":27}},"30":{"start":{"line":31,"column":0},"end":{"line":31,"column":7}},"31":{"start":{"line":32,"column":0},"end":{"line":32,"column":5}},"32":{"start":{"line":33,"column":0},"end":{"line":33,"column":24}},"33":{"start":{"line":34,"column":0},"end":{"line":34,"column":34}},"34":{"start":{"line":35,"column":0},"end":{"line":35,"column":5}},"35":{"start":{"line":36,"column":0},"end":{"line":36,"column":19}},"38":{"start":{"line":39,"column":0},"end":{"line":39,"column":18}},"39":{"start":{"line":40,"column":0},"end":{"line":40,"column":12}},"40":{"start":{"line":41,"column":0},"end":{"line":41,"column":36}},"41":{"start":{"line":42,"column":0},"end":{"line":42,"column":25}},"42":{"start":{"line":43,"column":0},"end":{"line":43,"column":12}},"44":{"start":{"line":45,"column":0},"end":{"line":45,"column":10}},"45":{"start":{"line":46,"column":0},"end":{"line":46,"column":12}},"46":{"start":{"line":47,"column":0},"end":{"line":47,"column":36}},"47":{"start":{"line":48,"column":0},"end":{"line":48,"column":82}},"48":{"start":{"line":49,"column":0},"end":{"line":49,"column":70}},"49":{"start":{"line":50,"column":0},"end":{"line":50,"column":79}},"50":{"start":{"line":51,"column":0},"end":{"line":51,"column":48}},"51":{"start":{"line":52,"column":0},"end":{"line":52,"column":43}},"52":{"start":{"line":53,"column":0},"end":{"line":53,"column":67}},"53":{"start":{"line":54,"column":0},"end":{"line":54,"column":12}},"55":{"start":{"line":56,"column":0},"end":{"line":56,"column":3}},"56":{"start":{"line":57,"column":0},"end":{"line":57,"column":1}}},"s":{"0":1,"1":1,"3":1,"5":1,"6":1,"7":1,"9":3,"10":3,"12":3,"13":3,"14":3,"15":3,"16":0,"17":0,"19":3,"20":1,"21":1,"22":1,"23":1,"24":1,"25":1,"26":1,"27":0,"28":1,"29":1,"30":1,"31":1,"32":1,"33":1,"34":1,"35":3,"38":3,"39":1,"40":1,"41":1,"42":1,"44":3,"45":2,"46":2,"47":2,"48":2,"49":2,"50":2,"51":2,"52":2,"53":2,"55":2,"56":3},"branchMap":{"0":{"type":"branch","line":10,"loc":{"start":{"line":10,"column":0},"end":{"line":57,"column":1}},"locations":[{"start":{"line":10,"column":0},"end":{"line":57,"column":1}}]},"1":{"type":"branch","line":39,"loc":{"start":{"line":39,"column":17},"end":{"line":45,"column":9}},"locations":[{"start":{"line":39,"column":17},"end":{"line":45,"column":9}}]},"2":{"type":"branch","line":45,"loc":{"start":{"line":45,"column":2},"end":{"line":56,"column":3}},"locations":[{"start":{"line":45,"column":2},"end":{"line":56,"column":3}}]},"3":{"type":"branch","line":48,"loc":{"start":{"line":48,"column":51},"end":{"line":48,"column":76}},"locations":[{"start":{"line":48,"column":51},"end":{"line":48,"column":76}}]},"4":{"type":"branch","line":49,"loc":{"start":{"line":49,"column":52},"end":{"line":49,"column":62}},"locations":[{"start":{"line":49,"column":52},"end":{"line":49,"column":62}}]},"5":{"type":"branch","line":50,"loc":{"start":{"line":50,"column":53},"end":{"line":50,"column":71}},"locations":[{"start":{"line":50,"column":53},"end":{"line":50,"column":71}}]},"6":{"type":"branch","line":51,"loc":{"start":{"line":51,"column":20},"end":{"line":51,"column":43}},"locations":[{"start":{"line":51,"column":20},"end":{"line":51,"column":43}}]},"7":{"type":"branch","line":52,"loc":{"start":{"line":52,"column":20},"end":{"line":52,"column":38}},"locations":[{"start":{"line":52,"column":20},"end":{"line":52,"column":38}}]},"8":{"type":"branch","line":20,"loc":{"start":{"line":20,"column":12},"end":{"line":36,"column":5}},"locations":[{"start":{"line":20,"column":12},"end":{"line":36,"column":5}}]},"9":{"type":"branch","line":21,"loc":{"start":{"line":21,"column":28},"end":{"line":32,"column":5}},"locations":[{"start":{"line":21,"column":28},"end":{"line":32,"column":5}}]},"10":{"type":"branch","line":27,"loc":{"start":{"line":27,"column":6},"end":{"line":29,"column":8}},"locations":[{"start":{"line":27,"column":6},"end":{"line":29,"column":8}}]}},"b":{"0":[3],"1":[1],"2":[2],"3":[1],"4":[1],"5":[1],"6":[1],"7":[1],"8":[1],"9":[1],"10":[0]},"fnMap":{"0":{"name":"CardDetails","decl":{"start":{"line":10,"column":0},"end":{"line":57,"column":1}},"loc":{"start":{"line":10,"column":0},"end":{"line":57,"column":1}},"line":10},"1":{"name":"onCloseButtonClick","decl":{"start":{"line":16,"column":29},"end":{"line":18,"column":3}},"loc":{"start":{"line":16,"column":29},"end":{"line":18,"column":3}},"line":16},"2":{"name":"fetchRepository","decl":{"start":{"line":21,"column":28},"end":{"line":32,"column":5}},"loc":{"start":{"line":21,"column":28},"end":{"line":32,"column":5}},"line":21}},"f":{"0":3,"1":0,"2":1}}
}
